<?xml version="1.0" encoding="UTF-8"?>
<!-- Generated by org.testng.reporters.JUnitXMLReporter -->
<testsuite hostname="DESKTOP-LAO6R8V" ignored="1" name="week15-page-factory-tutorialsninja" tests="1" failures="0" timestamp="2022-12-13T13:52:15 GMT" time="24.455" errors="0">
  <testcase name="verifyProductAddedToShoppingCartSuccessFully" time="16.874" classname="com.tutorialsninja.testsuite.DesktopsPageTest"/>
  <testcase name="verifyProductArrangeInAlphaBaticalOrder" time="0.0" classname="com.tutorialsninja.testsuite.DesktopsPageTest">
    <ignored/>
  </testcase> <!-- verifyProductArrangeInAlphaBaticalOrder -->
</testsuite> <!-- week15-page-factory-tutorialsninja -->
