<?xml version="1.0" encoding="UTF-8"?>
<!-- Generated by org.testng.reporters.JUnitXMLReporter -->
<testsuite hostname="DESKTOP-LAO6R8V" ignored="0" name="Regression Test" tests="10" failures="0" timestamp="2022-12-13T13:56:19 GMT" time="137.677" errors="0">
  <testcase name="verifyProductAddedToShoppingCartSuccessFully" time="20.626" classname="com.tutorialsninja.testsuite.DesktopsPageTest"/>
  <testcase name="verifyProductArrangeInAlphaBaticalOrder" time="1.924" classname="com.tutorialsninja.testsuite.DesktopsPageTest"/>
  <testcase name="verifyProductsPriceDisplayHighToLowSuccessfully" time="1.521" classname="com.tutorialsninja.testsuite.LaptopsAndNotebooksTest"/>
  <testcase name="verifyThatUserPlaceOrderSuccessfully" time="13.8" classname="com.tutorialsninja.testsuite.LaptopsAndNotebooksTest"/>
  <testcase name="verifyThatUserRegisterAccountSuccessfully" time="24.56" classname="com.tutorialsninja.testsuite.MyAccountPageTest"/>
  <testcase name="verifyUserShouldNavigateToLoginPageSuccessfully" time="0.672" classname="com.tutorialsninja.testsuite.MyAccountPageTest"/>
  <testcase name="verifyUserShouldNavigateToRegisterPageSuccessfully" time="21.208" classname="com.tutorialsninja.testsuite.MyAccountPageTest"/>
  <testcase name="verifyUserShouldNavigateToComponentsPageSuccessfully" time="2.717" classname="com.tutorialsninja.testsuite.TopMenuPageTest"/>
  <testcase name="verifyUserShouldNavigateToDesktopsPageSuccessfully" time="1.294" classname="com.tutorialsninja.testsuite.TopMenuPageTest"/>
  <testcase name="verifyUserShouldNavigateToLaptopsAndNotebooksPageSuccessfully" time="0.834" classname="com.tutorialsninja.testsuite.TopMenuPageTest"/>
</testsuite> <!-- Regression Test -->
