<?xml version="1.0" encoding="UTF-8"?>
<!-- Generated by org.testng.reporters.JUnitReportReporter -->
<testsuite skipped="0" hostname="DESKTOP-LAO6R8V" name="com.tutorialsninja.testsuite.DesktopsPageTest" tests="2" failures="0" timestamp="2022-12-13T13:56:20 GMT" time="35.261" errors="0">
  <testcase name="verifyProductArrangeInAlphaBaticalOrder" time="9.803" classname="com.tutorialsninja.testsuite.DesktopsPageTest"/>
  <system-out>
    <![CDATA[Mousehover and click on laptop[[ChromeDriver: chrome on WINDOWS (d52eecba7b46d6666f500d406bda2e94)] -> link text: Desktops]
Click on all desktop [[ChromeDriver: chrome on WINDOWS (d52eecba7b46d6666f500d406bda2e94)] -> link text: Show All Desktops]
Select Z to A from dropdown[[ChromeDriver: chrome on WINDOWS (d52eecba7b46d6666f500d406bda2e94)] -> xpath: //select[@id='input-sort'and@class='form-control']]]]>
  </system-out>
  <testcase name="verifyProductAddedToShoppingCartSuccessFully" time="25.458" classname="com.tutorialsninja.testsuite.DesktopsPageTest"/>
  <system-out>
    <![CDATA[ Clicl on currency button[[ChromeDriver: chrome on WINDOWS (675dbb9e5d3cc0aee6e35aaa1c514770)] -> xpath: //span[contains(text(),'Currency')]]
Select currency from drop down [[[ChromeDriver: chrome on WINDOWS (675dbb9e5d3cc0aee6e35aaa1c514770)] -> xpath: //ul[@class = 'dropdown-menu']/li], [[ChromeDriver: chrome on WINDOWS (675dbb9e5d3cc0aee6e35aaa1c514770)] -> xpath: //ul[@class = 'dropdown-menu']/li], [[ChromeDriver: chrome on WINDOWS (675dbb9e5d3cc0aee6e35aaa1c514770)] -> xpath: //ul[@class = 'dropdown-menu']/li]]
Mousehover and click on laptop[[ChromeDriver: chrome on WINDOWS (675dbb9e5d3cc0aee6e35aaa1c514770)] -> link text: Desktops]
Click on all desktop [[ChromeDriver: chrome on WINDOWS (675dbb9e5d3cc0aee6e35aaa1c514770)] -> link text: Show All Desktops]
Select Z to A from dropdown[[ChromeDriver: chrome on WINDOWS (675dbb9e5d3cc0aee6e35aaa1c514770)] -> xpath: //select[@id='input-sort'and@class='form-control']]
Click on HP[[ChromeDriver: chrome on WINDOWS (675dbb9e5d3cc0aee6e35aaa1c514770)] -> xpath: //a[contains(text(),'HP LP3065')]]
Verify HP text [[ChromeDriver: chrome on WINDOWS (675dbb9e5d3cc0aee6e35aaa1c514770)] -> xpath: //h1[contains(text(),'HP LP3065')]]
Select delivery date 
Add quantity[[ChromeDriver: chrome on WINDOWS (675dbb9e5d3cc0aee6e35aaa1c514770)] -> xpath: //input[@id='input-quantity']]
Click on add button [[ChromeDriver: chrome on WINDOWS (675dbb9e5d3cc0aee6e35aaa1c514770)] -> xpath: //button[@id='button-cart']]
Click on shopping cart [[ChromeDriver: chrome on WINDOWS (675dbb9e5d3cc0aee6e35aaa1c514770)] -> xpath: //button[@id='button-cart']]
Click on shopping cart link [[ChromeDriver: chrome on WINDOWS (675dbb9e5d3cc0aee6e35aaa1c514770)] -> xpath: //a[contains(text(),'shopping cart')]]
Verify shopping cart message [[ChromeDriver: chrome on WINDOWS (675dbb9e5d3cc0aee6e35aaa1c514770)] -> xpath: //h1[contains(text(),' (1.00kg)')]]
Verify product name [[ChromeDriver: chrome on WINDOWS (675dbb9e5d3cc0aee6e35aaa1c514770)] -> css selector: div.container:nth-child(4) div.row div.col-sm-12 div.table-responsive table.table.table-bordered tbody:nth-child(2) tr:nth-child(1) td.text-left:nth-child(2) > a:nth-child(1)]
Verify product model121[[ChromeDriver: chrome on WINDOWS (675dbb9e5d3cc0aee6e35aaa1c514770)] -> css selector: div.container:nth-child(4) div.row div.col-sm-12 div.table-responsive table.table.table-bordered tbody:nth-child(2) tr:nth-child(1) > td.text-left:nth-child(3)]
Verify total [[ChromeDriver: chrome on WINDOWS (675dbb9e5d3cc0aee6e35aaa1c514770)] -> xpath: //tbody/tr[1]/td[6]]]]>
  </system-out>
</testsuite> <!-- com.tutorialsninja.testsuite.DesktopsPageTest -->
