<?xml version="1.0" encoding="UTF-8"?>
<!-- Generated by org.testng.reporters.JUnitReportReporter -->
<testsuite skipped="0" hostname="DESKTOP-LAO6R8V" name="com.tutorialsninja.testsuite.LaptopsAndNotebooksTest" tests="2" failures="0" timestamp="2022-12-13T13:56:20 GMT" time="23.845" errors="0">
  <testcase name="verifyThatUserPlaceOrderSuccessfully" time="17.985" classname="com.tutorialsninja.testsuite.LaptopsAndNotebooksTest"/>
  <system-out>
    <![CDATA[ Clicl on currency button[[ChromeDriver: chrome on WINDOWS (8942cc093f6a65eb88ce8825949fb5ee)] -> xpath: //span[contains(text(),'Currency')]]
Select currency from drop down [[[ChromeDriver: chrome on WINDOWS (8942cc093f6a65eb88ce8825949fb5ee)] -> xpath: //ul[@class = 'dropdown-menu']/li], [[ChromeDriver: chrome on WINDOWS (8942cc093f6a65eb88ce8825949fb5ee)] -> xpath: //ul[@class = 'dropdown-menu']/li], [[ChromeDriver: chrome on WINDOWS (8942cc093f6a65eb88ce8825949fb5ee)] -> xpath: //ul[@class = 'dropdown-menu']/li]]
Click on Laptops and notebook tab [[ChromeDriver: chrome on WINDOWS (8942cc093f6a65eb88ce8825949fb5ee)] -> link text: Laptops & Notebooks]
Click on show all option [[ChromeDriver: chrome on WINDOWS (8942cc093f6a65eb88ce8825949fb5ee)] -> link text: Show All Laptops & Notebooks]
Select option from drop down [[ChromeDriver: chrome on WINDOWS (8942cc093f6a65eb88ce8825949fb5ee)] -> id: input-sort]
select Macbook[[ChromeDriver: chrome on WINDOWS (8942cc093f6a65eb88ce8825949fb5ee)] -> link text: MacBook]
Verify text [[ChromeDriver: chrome on WINDOWS (8942cc093f6a65eb88ce8825949fb5ee)] -> xpath: //h1[contains(text(),'MacBook')]]
Click on add to cart [[ChromeDriver: chrome on WINDOWS (8942cc093f6a65eb88ce8825949fb5ee)] -> xpath: //button[@id='button-cart']]
Click on shopping cart link[[ChromeDriver: chrome on WINDOWS (8942cc093f6a65eb88ce8825949fb5ee)] -> xpath: //a[contains(text(),'shopping cart')]]
Verify shopping cart message[[ChromeDriver: chrome on WINDOWS (8942cc093f6a65eb88ce8825949fb5ee)] -> xpath: //h1[contains(text(),' (0.00kg)')]]
Verify mackbook text[[ChromeDriver: chrome on WINDOWS (8942cc093f6a65eb88ce8825949fb5ee)] -> xpath: //div[@class = 'table-responsive']/table/tbody/tr/td[2]/a]
Clear quantity and add quantity[[ChromeDriver: chrome on WINDOWS (8942cc093f6a65eb88ce8825949fb5ee)] -> xpath: //input[contains(@name, 'quantity')]]
Click on update button [[ChromeDriver: chrome on WINDOWS (8942cc093f6a65eb88ce8825949fb5ee)] -> xpath: //button[contains(@data-original-title, 'Update')]]
Verify text[[ChromeDriver: chrome on WINDOWS (8942cc093f6a65eb88ce8825949fb5ee)] -> xpath: //div[@class='alert alert-success alert-dismissible']]
Verify text [[ChromeDriver: chrome on WINDOWS (8942cc093f6a65eb88ce8825949fb5ee)] -> xpath: //tbody/tr[1]/td[6]]
Verify check out text[[ChromeDriver: chrome on WINDOWS (8942cc093f6a65eb88ce8825949fb5ee)] -> xpath: //a[contains(text(),'Checkout')]]
Click on checkout[[ChromeDriver: chrome on WINDOWS (8942cc093f6a65eb88ce8825949fb5ee)] -> xpath: //a[contains(text(),'Checkout')]]
Click on radio button [[ChromeDriver: chrome on WINDOWS (8942cc093f6a65eb88ce8825949fb5ee)] -> xpath: //body/div[@id='checkout-checkout']/div[1]/div[1]/div[1]/div[1]/div[2]/div[1]/div[1]/div[1]/div[2]/label[1]/input[1]]
Click on continue button[[ChromeDriver: chrome on WINDOWS (8942cc093f6a65eb88ce8825949fb5ee)] -> xpath: //input[@id='button-account']]
Enter first name[[ChromeDriver: chrome on WINDOWS (8942cc093f6a65eb88ce8825949fb5ee)] -> id: input-payment-firstname]
Enter last name[[ChromeDriver: chrome on WINDOWS (8942cc093f6a65eb88ce8825949fb5ee)] -> id: input-payment-lastname]
Enter email RavaP@gmailF5.com
Enter telephone [[ChromeDriver: chrome on WINDOWS (8942cc093f6a65eb88ce8825949fb5ee)] -> id: input-payment-telephone]
Enter company name [[ChromeDriver: chrome on WINDOWS (8942cc093f6a65eb88ce8825949fb5ee)] -> id: input-payment-company]
Enter address [[ChromeDriver: chrome on WINDOWS (8942cc093f6a65eb88ce8825949fb5ee)] -> id: input-payment-address-1]
Enter city name [[ChromeDriver: chrome on WINDOWS (8942cc093f6a65eb88ce8825949fb5ee)] -> id: input-payment-city]
Enter postcode [[ChromeDriver: chrome on WINDOWS (8942cc093f6a65eb88ce8825949fb5ee)] -> id: input-payment-postcode]
Select country [[ChromeDriver: chrome on WINDOWS (8942cc093f6a65eb88ce8825949fb5ee)] -> xpath: //select[@id='input-payment-country']]
Click on continue
Tick terms and condition checkbox[[ChromeDriver: chrome on WINDOWS (8942cc093f6a65eb88ce8825949fb5ee)] -> xpath: //body/div[@id='checkout-checkout']/div[1]/div[1]/div[1]/div[3]/div[2]/div[1]/div[2]/div[1]/input[1]]
Click on continue[[ChromeDriver: chrome on WINDOWS (8942cc093f6a65eb88ce8825949fb5ee)] -> xpath: //input[@id='button-payment-method']]
Verify message[[ChromeDriver: chrome on WINDOWS (8942cc093f6a65eb88ce8825949fb5ee)] -> xpath: //div[@class='alert alert-danger alert-dismissible']]]]>
  </system-out>
  <testcase name="verifyProductsPriceDisplayHighToLowSuccessfully" time="5.860" classname="com.tutorialsninja.testsuite.LaptopsAndNotebooksTest"/>
  <system-out>
    <![CDATA[Click on Laptops and notebook tab [[ChromeDriver: chrome on WINDOWS (e483025b957be1e591ebd9e892dc0776)] -> link text: Laptops & Notebooks]
Click on show all option [[ChromeDriver: chrome on WINDOWS (e483025b957be1e591ebd9e892dc0776)] -> link text: Show All Laptops & Notebooks]
Select price Low to High [[ChromeDriver: chrome on WINDOWS (e483025b957be1e591ebd9e892dc0776)] -> id: input-sort]]]>
  </system-out>
</testsuite> <!-- com.tutorialsninja.testsuite.LaptopsAndNotebooksTest -->
